Using ORCA_BIN=/opt/orca/orca
Using WORKERS=4
Stable mode: nprocs=1 per job
=== Running job-0002 ===
=== Running job-0004 ===
=== Running job-0001 ===
=== Running job-0003 ===
=== Running job-0005 ===
=== Running job-0006 ===
=== Running job-0007 ===
=== Running job-0008 ===
=== Running job-0009 ===
=== Running job-0010 ===
=== Running job-0011 ===
=== Running job-0012 ===
=== Running job-0013 ===
=== Running job-0014 ===
=== Running job-0015 ===
=== Running job-0016 ===
=== Running job-0017 ===
=== Running job-0018 ===
=== Running job-0019 ===
=== Running job-0020 ===
=== Running job-0021 ===
=== Running job-0022 ===
=== Running job-0023 ===
=== Running job-0024 ===
=== Running job-0025 ===
=== Running job-0026 ===
=== Running job-0027 ===
=== Running job-0028 ===
=== Running job-0029 ===
=== Running job-0030 ===
=== Running job-0031 ===
=== Running job-0032 ===
=== Running job-0033 ===
=== Running job-0034 ===
=== Running job-0035 ===
=== Running job-0036 ===
=== Running job-0037 ===
=== Running job-0038 ===
=== Running job-0039 ===
=== Running job-0040 ===
=== Running job-0041 ===
=== Running job-0042 ===
=== Running job-0043 ===
=== Running job-0044 ===
=== Running job-0045 ===
=== Running job-0046 ===
=== Running job-0047 ===
=== Running job-0048 ===
=== Running job-0049 ===
=== Running job-0050 ===
=== Running job-0051 ===
=== Running job-0052 ===
=== Running job-0053 ===
=== Running job-0054 ===
=== Running job-0055 ===
=== Running job-0056 ===
=== Running job-0057 ===
=== Running job-0058 ===
=== Running job-0059 ===
=== Running job-0060 ===
=== Running job-0061 ===
=== Running job-0062 ===
=== Running job-0063 ===
=== Running job-0064 ===
=== Running job-0065 ===
=== Running job-0066 ===
=== Running job-0067 ===
=== Running job-0068 ===
=== Running job-0069 ===
=== Running job-0070 ===
=== Running job-0071 ===
=== Running job-0072 ===
=== Running job-0073 ===
=== Running job-0074 ===
=== Running job-0075 ===
=== Running job-0076 ===
=== Running job-0077 ===
=== Running job-0078 ===
=== Running job-0079 ===
=== Running job-0080 ===
=== Running job-0081 ===
=== Running job-0082 ===
=== Running job-0083 ===
=== Running job-0084 ===
=== Running job-0085 ===
=== Running job-0086 ===
=== Running job-0087 ===
=== Running job-0088 ===
=== Running job-0089 ===
=== Running job-0090 ===
=== Running job-0091 ===
=== Running job-0092 ===
=== Running job-0093 ===
=== Running job-0094 ===
=== Running job-0095 ===
=== Running job-0096 ===
=== Running job-0097 ===
=== Running job-0098 ===
=== Running job-0099 ===
=== Running job-0100 ===
=== Running job-0101 ===
=== Running job-0102 ===
=== Running job-0103 ===
=== Running job-0104 ===
=== Running job-0105 ===
=== Running job-0106 ===
=== Running job-0107 ===
=== Running job-0108 ===
Wrote /root/B6_ORCA_campaign_v4_stable/stage1/results/summary.csv
Wrote /root/B6_ORCA_campaign_v4_stable/stage1/results/top_finished.csv
Wrote /root/B6_ORCA_campaign_v4_stable/stage1/results/best_stage1.json
Done. See /root/B6_ORCA_campaign_v4_stable/stage1/results/summary.csv and /root/B6_ORCA_campaign_v4_stable/stage1/results/best_stage1.json
